;  LST file generated by mikroListExporter - v.2.0 
; Date/Time: 3/9/2026 7:14:52 PM
;----------------------------------------------

;Address Opcode 	ASM
0x0000	0x2A93      	GOTO       659
_interrupt:
0x0004	0x00FF      	MOVWF      R15
0x0005	0x0E03      	SWAPF      STATUS, 0
0x0006	0x0183      	CLRF       STATUS
0x0007	0x00A6      	MOVWF      ___saveSTATUS
0x0008	0x080A      	MOVF       PCLATH, 0
0x0009	0x00A5      	MOVWF      ___savePCLATH
0x000A	0x018A      	CLRF       PCLATH
0x000B	0x0870      	MOVF       R0, 0
0x000C	0x00A1      	MOVWF      33
0x000D	0x0871      	MOVF       R1, 0
0x000E	0x00A0      	MOVWF      32
;IN.c,28 :: 		void interrupt() {
;IN.c,29 :: 		if (INTF_bit) {
0x000F	0x1C8B      	BTFSS      INTF_bit, BitPos(INTF_bit+0)
0x0010	0x281E      	GOTO       L_interrupt0
;IN.c,30 :: 		if (EXT_INT0_Callback) {
0x0011	0x0822      	MOVF       IN_EXT_INT0_Callback, 0
0x0012	0x0423      	IORWF      IN_EXT_INT0_Callback+1, 0
0x0013	0x0424      	IORWF      IN_EXT_INT0_Callback+2, 0
0x0014	0x1903      	BTFSC      STATUS, 2
0x0015	0x281D      	GOTO       L_interrupt1
;IN.c,31 :: 		EXT_INT0_Callback();
0x0016	0x0822      	MOVF       IN_EXT_INT0_Callback, 0
0x0017	0x00A7      	MOVWF      ___DoICPAddr
0x0018	0x0823      	MOVF       IN_EXT_INT0_Callback+1, 0
0x0019	0x00A8      	MOVWF      ___DoICPAddr+1
0x001A	0x2276      	CALL       _____DoIFC
0x001B	0x118A      	BCF        PCLATH, 3
0x001C	0x120A      	BCF        PCLATH, 4
;IN.c,32 :: 		}
L_interrupt1:
;IN.c,33 :: 		INTF_bit = 0; // Clear interrupt flag
0x001D	0x108B      	BCF        INTF_bit, BitPos(INTF_bit+0)
;IN.c,34 :: 		}
L_interrupt0:
;IN.c,35 :: 		}
L_end_interrupt:
L__interrupt10:
0x001E	0x1283      	BCF        STATUS, 5
0x001F	0x1303      	BCF        STATUS, 6
0x0020	0x0821      	MOVF       33, 0
0x0021	0x00F0      	MOVWF      R0
0x0022	0x0820      	MOVF       32, 0
0x0023	0x00F1      	MOVWF      R1
0x0024	0x0825      	MOVF       ___savePCLATH, 0
0x0025	0x008A      	MOVWF      PCLATH
0x0026	0x0E26      	SWAPF      ___saveSTATUS, 0
0x0027	0x0083      	MOVWF      STATUS
0x0028	0x0EFF      	SWAPF      R15, 1
0x0029	0x0E7F      	SWAPF      R15, 0
0x002A	0x0009      	RETFIE
; end of _interrupt
_GPIO_SetPinValue:
;GPIO.c,53 :: 		void GPIO_SetPinValue(u8 Port, u8 Pin, u8 Value)
;GPIO.c,55 :: 		switch(Port)
0x002B	0x28D4      	GOTO       L_GPIO_SetPinValue18
;GPIO.c,57 :: 		case GPIO_PORTA:
L_GPIO_SetPinValue20:
;GPIO.c,58 :: 		if(Value == GPIO_HIGH)
0x002C	0x1283      	BCF        STATUS, 5
0x002D	0x1303      	BCF        STATUS, 6
0x002E	0x0833      	MOVF       FARG_GPIO_SetPinValue_Value, 0
0x002F	0x3A01      	XORLW      1
0x0030	0x1D03      	BTFSS      STATUS, 2
0x0031	0x2840      	GOTO       L_GPIO_SetPinValue21
;GPIO.c,59 :: 		SET_BIT(PORTA, Pin);
0x0032	0x0832      	MOVF       FARG_GPIO_SetPinValue_Pin, 0
0x0033	0x00F1      	MOVWF      R1
0x0034	0x3001      	MOVLW      1
0x0035	0x00F0      	MOVWF      R0
0x0036	0x0871      	MOVF       R1, 0
L__GPIO_SetPinValue66:
0x0037	0x1903      	BTFSC      STATUS, 2
0x0038	0x283D      	GOTO       L__GPIO_SetPinValue67
0x0039	0x0DF0      	RLF        R0, 1
0x003A	0x1070      	BCF        R0, 0
0x003B	0x3EFF      	ADDLW      255
0x003C	0x2837      	GOTO       L__GPIO_SetPinValue66
L__GPIO_SetPinValue67:
0x003D	0x0870      	MOVF       R0, 0
0x003E	0x0485      	IORWF      PORTA, 1
0x003F	0x284E      	GOTO       L_GPIO_SetPinValue22
L_GPIO_SetPinValue21:
;GPIO.c,61 :: 		CLR_BIT(PORTA, Pin);
0x0040	0x0832      	MOVF       FARG_GPIO_SetPinValue_Pin, 0
0x0041	0x00F1      	MOVWF      R1
0x0042	0x3001      	MOVLW      1
0x0043	0x00F0      	MOVWF      R0
0x0044	0x0871      	MOVF       R1, 0
L__GPIO_SetPinValue68:
0x0045	0x1903      	BTFSC      STATUS, 2
0x0046	0x284B      	GOTO       L__GPIO_SetPinValue69
0x0047	0x0DF0      	RLF        R0, 1
0x0048	0x1070      	BCF        R0, 0
0x0049	0x3EFF      	ADDLW      255
0x004A	0x2845      	GOTO       L__GPIO_SetPinValue68
L__GPIO_SetPinValue69:
0x004B	0x09F0      	COMF       R0, 1
0x004C	0x0870      	MOVF       R0, 0
0x004D	0x0585      	ANDWF      PORTA, 1
L_GPIO_SetPinValue22:
;GPIO.c,62 :: 		break;
0x004E	0x28EB      	GOTO       L_GPIO_SetPinValue19
;GPIO.c,64 :: 		case GPIO_PORTB:
L_GPIO_SetPinValue23:
;GPIO.c,65 :: 		if(Value == GPIO_HIGH)
0x004F	0x0833      	MOVF       FARG_GPIO_SetPinValue_Value, 0
0x0050	0x3A01      	XORLW      1
0x0051	0x1D03      	BTFSS      STATUS, 2
0x0052	0x2861      	GOTO       L_GPIO_SetPinValue24
;GPIO.c,66 :: 		SET_BIT(PORTB, Pin);
0x0053	0x0832      	MOVF       FARG_GPIO_SetPinValue_Pin, 0
0x0054	0x00F1      	MOVWF      R1
0x0055	0x3001      	MOVLW      1
0x0056	0x00F0      	MOVWF      R0
0x0057	0x0871      	MOVF       R1, 0
L__GPIO_SetPinValue70:
0x0058	0x1903      	BTFSC      STATUS, 2
0x0059	0x285E      	GOTO       L__GPIO_SetPinValue71
0x005A	0x0DF0      	RLF        R0, 1
0x005B	0x1070      	BCF        R0, 0
0x005C	0x3EFF      	ADDLW      255
0x005D	0x2858      	GOTO       L__GPIO_SetPinValue70
L__GPIO_SetPinValue71:
0x005E	0x0870      	MOVF       R0, 0
0x005F	0x0486      	IORWF      PORTB, 1
0x0060	0x286F      	GOTO       L_GPIO_SetPinValue25
L_GPIO_SetPinValue24:
;GPIO.c,68 :: 		CLR_BIT(PORTB, Pin);
0x0061	0x0832      	MOVF       FARG_GPIO_SetPinValue_Pin, 0
0x0062	0x00F1      	MOVWF      R1
0x0063	0x3001      	MOVLW      1
0x0064	0x00F0      	MOVWF      R0
0x0065	0x0871      	MOVF       R1, 0
L__GPIO_SetPinValue72:
0x0066	0x1903      	BTFSC      STATUS, 2
0x0067	0x286C      	GOTO       L__GPIO_SetPinValue73
0x0068	0x0DF0      	RLF        R0, 1
0x0069	0x1070      	BCF        R0, 0
0x006A	0x3EFF      	ADDLW      255
0x006B	0x2866      	GOTO       L__GPIO_SetPinValue72
L__GPIO_SetPinValue73:
0x006C	0x09F0      	COMF       R0, 1
0x006D	0x0870      	MOVF       R0, 0
0x006E	0x0586      	ANDWF      PORTB, 1
L_GPIO_SetPinValue25:
;GPIO.c,69 :: 		break;
0x006F	0x28EB      	GOTO       L_GPIO_SetPinValue19
;GPIO.c,71 :: 		case GPIO_PORTC:
L_GPIO_SetPinValue26:
;GPIO.c,72 :: 		if(Value == GPIO_HIGH)
0x0070	0x0833      	MOVF       FARG_GPIO_SetPinValue_Value, 0
0x0071	0x3A01      	XORLW      1
0x0072	0x1D03      	BTFSS      STATUS, 2
0x0073	0x2882      	GOTO       L_GPIO_SetPinValue27
;GPIO.c,73 :: 		SET_BIT(PORTC, Pin);
0x0074	0x0832      	MOVF       FARG_GPIO_SetPinValue_Pin, 0
0x0075	0x00F1      	MOVWF      R1
0x0076	0x3001      	MOVLW      1
0x0077	0x00F0      	MOVWF      R0
0x0078	0x0871      	MOVF       R1, 0
L__GPIO_SetPinValue74:
0x0079	0x1903      	BTFSC      STATUS, 2
0x007A	0x287F      	GOTO       L__GPIO_SetPinValue75
0x007B	0x0DF0      	RLF        R0, 1
0x007C	0x1070      	BCF        R0, 0
0x007D	0x3EFF      	ADDLW      255
0x007E	0x2879      	GOTO       L__GPIO_SetPinValue74
L__GPIO_SetPinValue75:
0x007F	0x0870      	MOVF       R0, 0
0x0080	0x0487      	IORWF      PORTC, 1
0x0081	0x2890      	GOTO       L_GPIO_SetPinValue28
L_GPIO_SetPinValue27:
;GPIO.c,75 :: 		CLR_BIT(PORTC, Pin);
0x0082	0x0832      	MOVF       FARG_GPIO_SetPinValue_Pin, 0
0x0083	0x00F1      	MOVWF      R1
0x0084	0x3001      	MOVLW      1
0x0085	0x00F0      	MOVWF      R0
0x0086	0x0871      	MOVF       R1, 0
L__GPIO_SetPinValue76:
0x0087	0x1903      	BTFSC      STATUS, 2
0x0088	0x288D      	GOTO       L__GPIO_SetPinValue77
0x0089	0x0DF0      	RLF        R0, 1
0x008A	0x1070      	BCF        R0, 0
0x008B	0x3EFF      	ADDLW      255
0x008C	0x2887      	GOTO       L__GPIO_SetPinValue76
L__GPIO_SetPinValue77:
0x008D	0x09F0      	COMF       R0, 1
0x008E	0x0870      	MOVF       R0, 0
0x008F	0x0587      	ANDWF      PORTC, 1
L_GPIO_SetPinValue28:
;GPIO.c,76 :: 		break;
0x0090	0x28EB      	GOTO       L_GPIO_SetPinValue19
;GPIO.c,78 :: 		case GPIO_PORTD:
L_GPIO_SetPinValue29:
;GPIO.c,79 :: 		if(Value == GPIO_HIGH)
0x0091	0x0833      	MOVF       FARG_GPIO_SetPinValue_Value, 0
0x0092	0x3A01      	XORLW      1
0x0093	0x1D03      	BTFSS      STATUS, 2
0x0094	0x28A3      	GOTO       L_GPIO_SetPinValue30
;GPIO.c,80 :: 		SET_BIT(PORTD, Pin);
0x0095	0x0832      	MOVF       FARG_GPIO_SetPinValue_Pin, 0
0x0096	0x00F1      	MOVWF      R1
0x0097	0x3001      	MOVLW      1
0x0098	0x00F0      	MOVWF      R0
0x0099	0x0871      	MOVF       R1, 0
L__GPIO_SetPinValue78:
0x009A	0x1903      	BTFSC      STATUS, 2
0x009B	0x28A0      	GOTO       L__GPIO_SetPinValue79
0x009C	0x0DF0      	RLF        R0, 1
0x009D	0x1070      	BCF        R0, 0
0x009E	0x3EFF      	ADDLW      255
0x009F	0x289A      	GOTO       L__GPIO_SetPinValue78
L__GPIO_SetPinValue79:
0x00A0	0x0870      	MOVF       R0, 0
0x00A1	0x0488      	IORWF      PORTD, 1
0x00A2	0x28B1      	GOTO       L_GPIO_SetPinValue31
L_GPIO_SetPinValue30:
;GPIO.c,82 :: 		CLR_BIT(PORTD, Pin);
0x00A3	0x0832      	MOVF       FARG_GPIO_SetPinValue_Pin, 0
0x00A4	0x00F1      	MOVWF      R1
0x00A5	0x3001      	MOVLW      1
0x00A6	0x00F0      	MOVWF      R0
0x00A7	0x0871      	MOVF       R1, 0
L__GPIO_SetPinValue80:
0x00A8	0x1903      	BTFSC      STATUS, 2
0x00A9	0x28AE      	GOTO       L__GPIO_SetPinValue81
0x00AA	0x0DF0      	RLF        R0, 1
0x00AB	0x1070      	BCF        R0, 0
0x00AC	0x3EFF      	ADDLW      255
0x00AD	0x28A8      	GOTO       L__GPIO_SetPinValue80
L__GPIO_SetPinValue81:
0x00AE	0x09F0      	COMF       R0, 1
0x00AF	0x0870      	MOVF       R0, 0
0x00B0	0x0588      	ANDWF      PORTD, 1
L_GPIO_SetPinValue31:
;GPIO.c,83 :: 		break;
0x00B1	0x28EB      	GOTO       L_GPIO_SetPinValue19
;GPIO.c,85 :: 		case GPIO_PORTE:
L_GPIO_SetPinValue32:
;GPIO.c,86 :: 		if(Value == GPIO_HIGH)
0x00B2	0x0833      	MOVF       FARG_GPIO_SetPinValue_Value, 0
0x00B3	0x3A01      	XORLW      1
0x00B4	0x1D03      	BTFSS      STATUS, 2
0x00B5	0x28C4      	GOTO       L_GPIO_SetPinValue33
;GPIO.c,87 :: 		SET_BIT(PORTE, Pin);
0x00B6	0x0832      	MOVF       FARG_GPIO_SetPinValue_Pin, 0
0x00B7	0x00F1      	MOVWF      R1
0x00B8	0x3001      	MOVLW      1
0x00B9	0x00F0      	MOVWF      R0
0x00BA	0x0871      	MOVF       R1, 0
L__GPIO_SetPinValue82:
0x00BB	0x1903      	BTFSC      STATUS, 2
0x00BC	0x28C1      	GOTO       L__GPIO_SetPinValue83
0x00BD	0x0DF0      	RLF        R0, 1
0x00BE	0x1070      	BCF        R0, 0
0x00BF	0x3EFF      	ADDLW      255
0x00C0	0x28BB      	GOTO       L__GPIO_SetPinValue82
L__GPIO_SetPinValue83:
0x00C1	0x0870      	MOVF       R0, 0
0x00C2	0x0489      	IORWF      PORTE, 1
0x00C3	0x28D2      	GOTO       L_GPIO_SetPinValue34
L_GPIO_SetPinValue33:
;GPIO.c,89 :: 		CLR_BIT(PORTE, Pin);
0x00C4	0x0832      	MOVF       FARG_GPIO_SetPinValue_Pin, 0
0x00C5	0x00F1      	MOVWF      R1
0x00C6	0x3001      	MOVLW      1
0x00C7	0x00F0      	MOVWF      R0
0x00C8	0x0871      	MOVF       R1, 0
L__GPIO_SetPinValue84:
0x00C9	0x1903      	BTFSC      STATUS, 2
0x00CA	0x28CF      	GOTO       L__GPIO_SetPinValue85
0x00CB	0x0DF0      	RLF        R0, 1
0x00CC	0x1070      	BCF        R0, 0
0x00CD	0x3EFF      	ADDLW      255
0x00CE	0x28C9      	GOTO       L__GPIO_SetPinValue84
L__GPIO_SetPinValue85:
0x00CF	0x09F0      	COMF       R0, 1
0x00D0	0x0870      	MOVF       R0, 0
0x00D1	0x0589      	ANDWF      PORTE, 1
L_GPIO_SetPinValue34:
;GPIO.c,90 :: 		break;
0x00D2	0x28EB      	GOTO       L_GPIO_SetPinValue19
;GPIO.c,92 :: 		default:
L_GPIO_SetPinValue35:
;GPIO.c,93 :: 		break;
0x00D3	0x28EB      	GOTO       L_GPIO_SetPinValue19
;GPIO.c,94 :: 		}
L_GPIO_SetPinValue18:
0x00D4	0x1283      	BCF        STATUS, 5
0x00D5	0x1303      	BCF        STATUS, 6
0x00D6	0x0831      	MOVF       FARG_GPIO_SetPinValue_Port, 0
0x00D7	0x3A00      	XORLW      0
0x00D8	0x1903      	BTFSC      STATUS, 2
0x00D9	0x282C      	GOTO       L_GPIO_SetPinValue20
0x00DA	0x0831      	MOVF       FARG_GPIO_SetPinValue_Port, 0
0x00DB	0x3A01      	XORLW      1
0x00DC	0x1903      	BTFSC      STATUS, 2
0x00DD	0x284F      	GOTO       L_GPIO_SetPinValue23
0x00DE	0x0831      	MOVF       FARG_GPIO_SetPinValue_Port, 0
0x00DF	0x3A02      	XORLW      2
0x00E0	0x1903      	BTFSC      STATUS, 2
0x00E1	0x2870      	GOTO       L_GPIO_SetPinValue26
0x00E2	0x0831      	MOVF       FARG_GPIO_SetPinValue_Port, 0
0x00E3	0x3A03      	XORLW      3
0x00E4	0x1903      	BTFSC      STATUS, 2
0x00E5	0x2891      	GOTO       L_GPIO_SetPinValue29
0x00E6	0x0831      	MOVF       FARG_GPIO_SetPinValue_Port, 0
0x00E7	0x3A04      	XORLW      4
0x00E8	0x1903      	BTFSC      STATUS, 2
0x00E9	0x28B2      	GOTO       L_GPIO_SetPinValue32
0x00EA	0x28D3      	GOTO       L_GPIO_SetPinValue35
L_GPIO_SetPinValue19:
;GPIO.c,95 :: 		}
L_end_GPIO_SetPinValue:
0x00EB	0x0008      	RETURN
; end of _GPIO_SetPinValue
_GPIO_GetPinValue:
;GPIO.c,98 :: 		u8 GPIO_GetPinValue(u8 Port, u8 Pin)
;GPIO.c,100 :: 		u8 Local_Value = 0;
0x00EC	0x1283      	BCF        STATUS, 5
0x00ED	0x1303      	BCF        STATUS, 6
0x00EE	0x01B3      	CLRF       GPIO_GetPinValue_Local_Value_L0
;GPIO.c,102 :: 		switch(Port)
0x00EF	0x2937      	GOTO       L_GPIO_GetPinValue36
;GPIO.c,104 :: 		case GPIO_PORTA:
L_GPIO_GetPinValue38:
;GPIO.c,105 :: 		Local_Value = GET_BIT(PORTA, Pin);
0x00F0	0x0832      	MOVF       FARG_GPIO_GetPinValue_Pin, 0
0x00F1	0x00F0      	MOVWF      R0
0x00F2	0x0805      	MOVF       PORTA, 0
0x00F3	0x00B3      	MOVWF      GPIO_GetPinValue_Local_Value_L0
0x00F4	0x0870      	MOVF       R0, 0
L__GPIO_GetPinValue87:
0x00F5	0x1903      	BTFSC      STATUS, 2
0x00F6	0x28FB      	GOTO       L__GPIO_GetPinValue88
0x00F7	0x0CB3      	RRF        GPIO_GetPinValue_Local_Value_L0, 1
0x00F8	0x13B3      	BCF        GPIO_GetPinValue_Local_Value_L0, 7
0x00F9	0x3EFF      	ADDLW      255
0x00FA	0x28F5      	GOTO       L__GPIO_GetPinValue87
L__GPIO_GetPinValue88:
0x00FB	0x3001      	MOVLW      1
0x00FC	0x05B3      	ANDWF      GPIO_GetPinValue_Local_Value_L0, 1
;GPIO.c,106 :: 		break;
0x00FD	0x294C      	GOTO       L_GPIO_GetPinValue37
;GPIO.c,108 :: 		case GPIO_PORTB:
L_GPIO_GetPinValue39:
;GPIO.c,109 :: 		Local_Value = GET_BIT(PORTB, Pin);
0x00FE	0x0832      	MOVF       FARG_GPIO_GetPinValue_Pin, 0
0x00FF	0x00F0      	MOVWF      R0
0x0100	0x0806      	MOVF       PORTB, 0
0x0101	0x00B3      	MOVWF      GPIO_GetPinValue_Local_Value_L0
0x0102	0x0870      	MOVF       R0, 0
L__GPIO_GetPinValue89:
0x0103	0x1903      	BTFSC      STATUS, 2
0x0104	0x2909      	GOTO       L__GPIO_GetPinValue90
0x0105	0x0CB3      	RRF        GPIO_GetPinValue_Local_Value_L0, 1
0x0106	0x13B3      	BCF        GPIO_GetPinValue_Local_Value_L0, 7
0x0107	0x3EFF      	ADDLW      255
0x0108	0x2903      	GOTO       L__GPIO_GetPinValue89
L__GPIO_GetPinValue90:
0x0109	0x3001      	MOVLW      1
0x010A	0x05B3      	ANDWF      GPIO_GetPinValue_Local_Value_L0, 1
;GPIO.c,110 :: 		break;
0x010B	0x294C      	GOTO       L_GPIO_GetPinValue37
;GPIO.c,112 :: 		case GPIO_PORTC:
L_GPIO_GetPinValue40:
;GPIO.c,113 :: 		Local_Value = GET_BIT(PORTC, Pin);
0x010C	0x0832      	MOVF       FARG_GPIO_GetPinValue_Pin, 0
0x010D	0x00F0      	MOVWF      R0
0x010E	0x0807      	MOVF       PORTC, 0
0x010F	0x00B3      	MOVWF      GPIO_GetPinValue_Local_Value_L0
0x0110	0x0870      	MOVF       R0, 0
L__GPIO_GetPinValue91:
0x0111	0x1903      	BTFSC      STATUS, 2
0x0112	0x2917      	GOTO       L__GPIO_GetPinValue92
0x0113	0x0CB3      	RRF        GPIO_GetPinValue_Local_Value_L0, 1
0x0114	0x13B3      	BCF        GPIO_GetPinValue_Local_Value_L0, 7
0x0115	0x3EFF      	ADDLW      255
0x0116	0x2911      	GOTO       L__GPIO_GetPinValue91
L__GPIO_GetPinValue92:
0x0117	0x3001      	MOVLW      1
0x0118	0x05B3      	ANDWF      GPIO_GetPinValue_Local_Value_L0, 1
;GPIO.c,114 :: 		break;
0x0119	0x294C      	GOTO       L_GPIO_GetPinValue37
;GPIO.c,116 :: 		case GPIO_PORTD:
L_GPIO_GetPinValue41:
;GPIO.c,117 :: 		Local_Value = GET_BIT(PORTD, Pin);
0x011A	0x0832      	MOVF       FARG_GPIO_GetPinValue_Pin, 0
0x011B	0x00F0      	MOVWF      R0
0x011C	0x0808      	MOVF       PORTD, 0
0x011D	0x00B3      	MOVWF      GPIO_GetPinValue_Local_Value_L0
0x011E	0x0870      	MOVF       R0, 0
L__GPIO_GetPinValue93:
0x011F	0x1903      	BTFSC      STATUS, 2
0x0120	0x2925      	GOTO       L__GPIO_GetPinValue94
0x0121	0x0CB3      	RRF        GPIO_GetPinValue_Local_Value_L0, 1
0x0122	0x13B3      	BCF        GPIO_GetPinValue_Local_Value_L0, 7
0x0123	0x3EFF      	ADDLW      255
0x0124	0x291F      	GOTO       L__GPIO_GetPinValue93
L__GPIO_GetPinValue94:
0x0125	0x3001      	MOVLW      1
0x0126	0x05B3      	ANDWF      GPIO_GetPinValue_Local_Value_L0, 1
;GPIO.c,118 :: 		break;
0x0127	0x294C      	GOTO       L_GPIO_GetPinValue37
;GPIO.c,120 :: 		case GPIO_PORTE:
L_GPIO_GetPinValue42:
;GPIO.c,121 :: 		Local_Value = GET_BIT(PORTE, Pin);
0x0128	0x0832      	MOVF       FARG_GPIO_GetPinValue_Pin, 0
0x0129	0x00F0      	MOVWF      R0
0x012A	0x0809      	MOVF       PORTE, 0
0x012B	0x00B3      	MOVWF      GPIO_GetPinValue_Local_Value_L0
0x012C	0x0870      	MOVF       R0, 0
L__GPIO_GetPinValue95:
0x012D	0x1903      	BTFSC      STATUS, 2
0x012E	0x2933      	GOTO       L__GPIO_GetPinValue96
0x012F	0x0CB3      	RRF        GPIO_GetPinValue_Local_Value_L0, 1
0x0130	0x13B3      	BCF        GPIO_GetPinValue_Local_Value_L0, 7
0x0131	0x3EFF      	ADDLW      255
0x0132	0x292D      	GOTO       L__GPIO_GetPinValue95
L__GPIO_GetPinValue96:
0x0133	0x3001      	MOVLW      1
0x0134	0x05B3      	ANDWF      GPIO_GetPinValue_Local_Value_L0, 1
;GPIO.c,122 :: 		break;
0x0135	0x294C      	GOTO       L_GPIO_GetPinValue37
;GPIO.c,124 :: 		default:
L_GPIO_GetPinValue43:
;GPIO.c,125 :: 		break;
0x0136	0x294C      	GOTO       L_GPIO_GetPinValue37
;GPIO.c,126 :: 		}
L_GPIO_GetPinValue36:
0x0137	0x0831      	MOVF       FARG_GPIO_GetPinValue_Port, 0
0x0138	0x3A00      	XORLW      0
0x0139	0x1903      	BTFSC      STATUS, 2
0x013A	0x28F0      	GOTO       L_GPIO_GetPinValue38
0x013B	0x0831      	MOVF       FARG_GPIO_GetPinValue_Port, 0
0x013C	0x3A01      	XORLW      1
0x013D	0x1903      	BTFSC      STATUS, 2
0x013E	0x28FE      	GOTO       L_GPIO_GetPinValue39
0x013F	0x0831      	MOVF       FARG_GPIO_GetPinValue_Port, 0
0x0140	0x3A02      	XORLW      2
0x0141	0x1903      	BTFSC      STATUS, 2
0x0142	0x290C      	GOTO       L_GPIO_GetPinValue40
0x0143	0x0831      	MOVF       FARG_GPIO_GetPinValue_Port, 0
0x0144	0x3A03      	XORLW      3
0x0145	0x1903      	BTFSC      STATUS, 2
0x0146	0x291A      	GOTO       L_GPIO_GetPinValue41
0x0147	0x0831      	MOVF       FARG_GPIO_GetPinValue_Port, 0
0x0148	0x3A04      	XORLW      4
0x0149	0x1903      	BTFSC      STATUS, 2
0x014A	0x2928      	GOTO       L_GPIO_GetPinValue42
0x014B	0x2936      	GOTO       L_GPIO_GetPinValue43
L_GPIO_GetPinValue37:
;GPIO.c,128 :: 		return Local_Value;
0x014C	0x0833      	MOVF       GPIO_GetPinValue_Local_Value_L0, 0
0x014D	0x00F0      	MOVWF      R0
;GPIO.c,129 :: 		}
L_end_GPIO_GetPinValue:
0x014E	0x0008      	RETURN
; end of _GPIO_GetPinValue
_LED_Toggle:
;LED.c,19 :: 		void LED_Toggle(u8 Port, u8 Pin)
;LED.c,21 :: 		u8 current = GPIO_GetPinValue(Port, Pin);
0x014F	0x1283      	BCF        STATUS, 5
0x0150	0x1303      	BCF        STATUS, 6
0x0151	0x082F      	MOVF       FARG_LED_Toggle_Port, 0
0x0152	0x00B1      	MOVWF      FARG_GPIO_GetPinValue_Port
0x0153	0x0830      	MOVF       FARG_LED_Toggle_Pin, 0
0x0154	0x00B2      	MOVWF      FARG_GPIO_GetPinValue_Pin
0x0155	0x20EC      	CALL       _GPIO_GetPinValue
;LED.c,23 :: 		if(current == GPIO_HIGH)
0x0156	0x0870      	MOVF       R0, 0
0x0157	0x3A01      	XORLW      1
0x0158	0x1D03      	BTFSS      STATUS, 2
0x0159	0x2961      	GOTO       L_LED_Toggle0
;LED.c,24 :: 		GPIO_SetPinValue(Port, Pin, GPIO_LOW);
0x015A	0x082F      	MOVF       FARG_LED_Toggle_Port, 0
0x015B	0x00B1      	MOVWF      FARG_GPIO_SetPinValue_Port
0x015C	0x0830      	MOVF       FARG_LED_Toggle_Pin, 0
0x015D	0x00B2      	MOVWF      FARG_GPIO_SetPinValue_Pin
0x015E	0x01B3      	CLRF       FARG_GPIO_SetPinValue_Value
0x015F	0x202B      	CALL       _GPIO_SetPinValue
0x0160	0x2968      	GOTO       L_LED_Toggle1
L_LED_Toggle0:
;LED.c,26 :: 		GPIO_SetPinValue(Port, Pin, GPIO_HIGH);
0x0161	0x082F      	MOVF       FARG_LED_Toggle_Port, 0
0x0162	0x00B1      	MOVWF      FARG_GPIO_SetPinValue_Port
0x0163	0x0830      	MOVF       FARG_LED_Toggle_Pin, 0
0x0164	0x00B2      	MOVWF      FARG_GPIO_SetPinValue_Pin
0x0165	0x3001      	MOVLW      1
0x0166	0x00B3      	MOVWF      FARG_GPIO_SetPinValue_Value
0x0167	0x202B      	CALL       _GPIO_SetPinValue
L_LED_Toggle1:
;LED.c,27 :: 		}
L_end_LED_Toggle:
0x0168	0x0008      	RETURN
; end of _LED_Toggle
_GPIO_SetPinDirection:
;GPIO.c,10 :: 		switch(Port)
0x0169	0x2A25      	GOTO       L_GPIO_SetPinDirection0
;GPIO.c,12 :: 		case GPIO_PORTA:
L_GPIO_SetPinDirection2:
;GPIO.c,13 :: 		if(Direction == GPIO_OUTPUT)
0x016A	0x1283      	BCF        STATUS, 5
0x016B	0x1303      	BCF        STATUS, 6
0x016C	0x082E      	MOVF       FARG_GPIO_SetPinDirection_Direction, 0
0x016D	0x3A00      	XORLW      0
0x016E	0x1D03      	BTFSS      STATUS, 2
0x016F	0x2980      	GOTO       L_GPIO_SetPinDirection3
;GPIO.c,14 :: 		CLR_BIT(TRISA, Pin);
0x0170	0x082D      	MOVF       FARG_GPIO_SetPinDirection_Pin, 0
0x0171	0x00F1      	MOVWF      R1
0x0172	0x3001      	MOVLW      1
0x0173	0x00F0      	MOVWF      R0
0x0174	0x0871      	MOVF       R1, 0
L__GPIO_SetPinDirection45:
0x0175	0x1903      	BTFSC      STATUS, 2
0x0176	0x297B      	GOTO       L__GPIO_SetPinDirection46
0x0177	0x0DF0      	RLF        R0, 1
0x0178	0x1070      	BCF        R0, 0
0x0179	0x3EFF      	ADDLW      255
0x017A	0x2975      	GOTO       L__GPIO_SetPinDirection45
L__GPIO_SetPinDirection46:
0x017B	0x09F0      	COMF       R0, 1
0x017C	0x0870      	MOVF       R0, 0
0x017D	0x1683      	BSF        STATUS, 5
0x017E	0x0585      	ANDWF      TRISA, 1
0x017F	0x298F      	GOTO       L_GPIO_SetPinDirection4
L_GPIO_SetPinDirection3:
;GPIO.c,16 :: 		SET_BIT(TRISA, Pin);
0x0180	0x1283      	BCF        STATUS, 5
0x0181	0x082D      	MOVF       FARG_GPIO_SetPinDirection_Pin, 0
0x0182	0x00F1      	MOVWF      R1
0x0183	0x3001      	MOVLW      1
0x0184	0x00F0      	MOVWF      R0
0x0185	0x0871      	MOVF       R1, 0
L__GPIO_SetPinDirection47:
0x0186	0x1903      	BTFSC      STATUS, 2
0x0187	0x298C      	GOTO       L__GPIO_SetPinDirection48
0x0188	0x0DF0      	RLF        R0, 1
0x0189	0x1070      	BCF        R0, 0
0x018A	0x3EFF      	ADDLW      255
0x018B	0x2986      	GOTO       L__GPIO_SetPinDirection47
L__GPIO_SetPinDirection48:
0x018C	0x0870      	MOVF       R0, 0
0x018D	0x1683      	BSF        STATUS, 5
0x018E	0x0485      	IORWF      TRISA, 1
L_GPIO_SetPinDirection4:
;GPIO.c,17 :: 		break;
0x018F	0x2A3C      	GOTO       L_GPIO_SetPinDirection1
;GPIO.c,19 :: 		case GPIO_PORTB:
L_GPIO_SetPinDirection5:
;GPIO.c,20 :: 		if(Direction == GPIO_OUTPUT)
0x0190	0x1283      	BCF        STATUS, 5
0x0191	0x082E      	MOVF       FARG_GPIO_SetPinDirection_Direction, 0
0x0192	0x3A00      	XORLW      0
0x0193	0x1D03      	BTFSS      STATUS, 2
0x0194	0x29A5      	GOTO       L_GPIO_SetPinDirection6
;GPIO.c,21 :: 		CLR_BIT(TRISB, Pin);
0x0195	0x082D      	MOVF       FARG_GPIO_SetPinDirection_Pin, 0
0x0196	0x00F1      	MOVWF      R1
0x0197	0x3001      	MOVLW      1
0x0198	0x00F0      	MOVWF      R0
0x0199	0x0871      	MOVF       R1, 0
L__GPIO_SetPinDirection49:
0x019A	0x1903      	BTFSC      STATUS, 2
0x019B	0x29A0      	GOTO       L__GPIO_SetPinDirection50
0x019C	0x0DF0      	RLF        R0, 1
0x019D	0x1070      	BCF        R0, 0
0x019E	0x3EFF      	ADDLW      255
0x019F	0x299A      	GOTO       L__GPIO_SetPinDirection49
L__GPIO_SetPinDirection50:
0x01A0	0x09F0      	COMF       R0, 1
0x01A1	0x0870      	MOVF       R0, 0
0x01A2	0x1683      	BSF        STATUS, 5
0x01A3	0x0586      	ANDWF      TRISB, 1
0x01A4	0x29B4      	GOTO       L_GPIO_SetPinDirection7
L_GPIO_SetPinDirection6:
;GPIO.c,23 :: 		SET_BIT(TRISB, Pin);
0x01A5	0x1283      	BCF        STATUS, 5
0x01A6	0x082D      	MOVF       FARG_GPIO_SetPinDirection_Pin, 0
0x01A7	0x00F1      	MOVWF      R1
0x01A8	0x3001      	MOVLW      1
0x01A9	0x00F0      	MOVWF      R0
0x01AA	0x0871      	MOVF       R1, 0
L__GPIO_SetPinDirection51:
0x01AB	0x1903      	BTFSC      STATUS, 2
0x01AC	0x29B1      	GOTO       L__GPIO_SetPinDirection52
0x01AD	0x0DF0      	RLF        R0, 1
0x01AE	0x1070      	BCF        R0, 0
0x01AF	0x3EFF      	ADDLW      255
0x01B0	0x29AB      	GOTO       L__GPIO_SetPinDirection51
L__GPIO_SetPinDirection52:
0x01B1	0x0870      	MOVF       R0, 0
0x01B2	0x1683      	BSF        STATUS, 5
0x01B3	0x0486      	IORWF      TRISB, 1
L_GPIO_SetPinDirection7:
;GPIO.c,24 :: 		break;
0x01B4	0x2A3C      	GOTO       L_GPIO_SetPinDirection1
;GPIO.c,26 :: 		case GPIO_PORTC:
L_GPIO_SetPinDirection8:
;GPIO.c,27 :: 		if(Direction == GPIO_OUTPUT)
0x01B5	0x1283      	BCF        STATUS, 5
0x01B6	0x082E      	MOVF       FARG_GPIO_SetPinDirection_Direction, 0
0x01B7	0x3A00      	XORLW      0
0x01B8	0x1D03      	BTFSS      STATUS, 2
0x01B9	0x29CA      	GOTO       L_GPIO_SetPinDirection9
;GPIO.c,28 :: 		CLR_BIT(TRISC, Pin);
0x01BA	0x082D      	MOVF       FARG_GPIO_SetPinDirection_Pin, 0
0x01BB	0x00F1      	MOVWF      R1
0x01BC	0x3001      	MOVLW      1
0x01BD	0x00F0      	MOVWF      R0
0x01BE	0x0871      	MOVF       R1, 0
L__GPIO_SetPinDirection53:
0x01BF	0x1903      	BTFSC      STATUS, 2
0x01C0	0x29C5      	GOTO       L__GPIO_SetPinDirection54
0x01C1	0x0DF0      	RLF        R0, 1
0x01C2	0x1070      	BCF        R0, 0
0x01C3	0x3EFF      	ADDLW      255
0x01C4	0x29BF      	GOTO       L__GPIO_SetPinDirection53
L__GPIO_SetPinDirection54:
0x01C5	0x09F0      	COMF       R0, 1
0x01C6	0x0870      	MOVF       R0, 0
0x01C7	0x1683      	BSF        STATUS, 5
0x01C8	0x0587      	ANDWF      TRISC, 1
0x01C9	0x29D9      	GOTO       L_GPIO_SetPinDirection10
L_GPIO_SetPinDirection9:
;GPIO.c,30 :: 		SET_BIT(TRISC, Pin);
0x01CA	0x1283      	BCF        STATUS, 5
0x01CB	0x082D      	MOVF       FARG_GPIO_SetPinDirection_Pin, 0
0x01CC	0x00F1      	MOVWF      R1
0x01CD	0x3001      	MOVLW      1
0x01CE	0x00F0      	MOVWF      R0
0x01CF	0x0871      	MOVF       R1, 0
L__GPIO_SetPinDirection55:
0x01D0	0x1903      	BTFSC      STATUS, 2
0x01D1	0x29D6      	GOTO       L__GPIO_SetPinDirection56
0x01D2	0x0DF0      	RLF        R0, 1
0x01D3	0x1070      	BCF        R0, 0
0x01D4	0x3EFF      	ADDLW      255
0x01D5	0x29D0      	GOTO       L__GPIO_SetPinDirection55
L__GPIO_SetPinDirection56:
0x01D6	0x0870      	MOVF       R0, 0
0x01D7	0x1683      	BSF        STATUS, 5
0x01D8	0x0487      	IORWF      TRISC, 1
L_GPIO_SetPinDirection10:
;GPIO.c,31 :: 		break;
0x01D9	0x2A3C      	GOTO       L_GPIO_SetPinDirection1
;GPIO.c,33 :: 		case GPIO_PORTD:
L_GPIO_SetPinDirection11:
;GPIO.c,34 :: 		if(Direction == GPIO_OUTPUT)
0x01DA	0x1283      	BCF        STATUS, 5
0x01DB	0x082E      	MOVF       FARG_GPIO_SetPinDirection_Direction, 0
0x01DC	0x3A00      	XORLW      0
0x01DD	0x1D03      	BTFSS      STATUS, 2
0x01DE	0x29EF      	GOTO       L_GPIO_SetPinDirection12
;GPIO.c,35 :: 		CLR_BIT(TRISD, Pin);
0x01DF	0x082D      	MOVF       FARG_GPIO_SetPinDirection_Pin, 0
0x01E0	0x00F1      	MOVWF      R1
0x01E1	0x3001      	MOVLW      1
0x01E2	0x00F0      	MOVWF      R0
0x01E3	0x0871      	MOVF       R1, 0
L__GPIO_SetPinDirection57:
0x01E4	0x1903      	BTFSC      STATUS, 2
0x01E5	0x29EA      	GOTO       L__GPIO_SetPinDirection58
0x01E6	0x0DF0      	RLF        R0, 1
0x01E7	0x1070      	BCF        R0, 0
0x01E8	0x3EFF      	ADDLW      255
0x01E9	0x29E4      	GOTO       L__GPIO_SetPinDirection57
L__GPIO_SetPinDirection58:
0x01EA	0x09F0      	COMF       R0, 1
0x01EB	0x0870      	MOVF       R0, 0
0x01EC	0x1683      	BSF        STATUS, 5
0x01ED	0x0588      	ANDWF      TRISD, 1
0x01EE	0x29FE      	GOTO       L_GPIO_SetPinDirection13
L_GPIO_SetPinDirection12:
;GPIO.c,37 :: 		SET_BIT(TRISD, Pin);
0x01EF	0x1283      	BCF        STATUS, 5
0x01F0	0x082D      	MOVF       FARG_GPIO_SetPinDirection_Pin, 0
0x01F1	0x00F1      	MOVWF      R1
0x01F2	0x3001      	MOVLW      1
0x01F3	0x00F0      	MOVWF      R0
0x01F4	0x0871      	MOVF       R1, 0
L__GPIO_SetPinDirection59:
0x01F5	0x1903      	BTFSC      STATUS, 2
0x01F6	0x29FB      	GOTO       L__GPIO_SetPinDirection60
0x01F7	0x0DF0      	RLF        R0, 1
0x01F8	0x1070      	BCF        R0, 0
0x01F9	0x3EFF      	ADDLW      255
0x01FA	0x29F5      	GOTO       L__GPIO_SetPinDirection59
L__GPIO_SetPinDirection60:
0x01FB	0x0870      	MOVF       R0, 0
0x01FC	0x1683      	BSF        STATUS, 5
0x01FD	0x0488      	IORWF      TRISD, 1
L_GPIO_SetPinDirection13:
;GPIO.c,38 :: 		break;
0x01FE	0x2A3C      	GOTO       L_GPIO_SetPinDirection1
;GPIO.c,40 :: 		case GPIO_PORTE:
L_GPIO_SetPinDirection14:
;GPIO.c,41 :: 		if(Direction == GPIO_OUTPUT)
0x01FF	0x1283      	BCF        STATUS, 5
0x0200	0x082E      	MOVF       FARG_GPIO_SetPinDirection_Direction, 0
0x0201	0x3A00      	XORLW      0
0x0202	0x1D03      	BTFSS      STATUS, 2
0x0203	0x2A14      	GOTO       L_GPIO_SetPinDirection15
;GPIO.c,42 :: 		CLR_BIT(TRISE, Pin);
0x0204	0x082D      	MOVF       FARG_GPIO_SetPinDirection_Pin, 0
0x0205	0x00F1      	MOVWF      R1
0x0206	0x3001      	MOVLW      1
0x0207	0x00F0      	MOVWF      R0
0x0208	0x0871      	MOVF       R1, 0
L__GPIO_SetPinDirection61:
0x0209	0x1903      	BTFSC      STATUS, 2
0x020A	0x2A0F      	GOTO       L__GPIO_SetPinDirection62
0x020B	0x0DF0      	RLF        R0, 1
0x020C	0x1070      	BCF        R0, 0
0x020D	0x3EFF      	ADDLW      255
0x020E	0x2A09      	GOTO       L__GPIO_SetPinDirection61
L__GPIO_SetPinDirection62:
0x020F	0x09F0      	COMF       R0, 1
0x0210	0x0870      	MOVF       R0, 0
0x0211	0x1683      	BSF        STATUS, 5
0x0212	0x0589      	ANDWF      TRISE, 1
0x0213	0x2A23      	GOTO       L_GPIO_SetPinDirection16
L_GPIO_SetPinDirection15:
;GPIO.c,44 :: 		SET_BIT(TRISE, Pin);
0x0214	0x1283      	BCF        STATUS, 5
0x0215	0x082D      	MOVF       FARG_GPIO_SetPinDirection_Pin, 0
0x0216	0x00F1      	MOVWF      R1
0x0217	0x3001      	MOVLW      1
0x0218	0x00F0      	MOVWF      R0
0x0219	0x0871      	MOVF       R1, 0
L__GPIO_SetPinDirection63:
0x021A	0x1903      	BTFSC      STATUS, 2
0x021B	0x2A20      	GOTO       L__GPIO_SetPinDirection64
0x021C	0x0DF0      	RLF        R0, 1
0x021D	0x1070      	BCF        R0, 0
0x021E	0x3EFF      	ADDLW      255
0x021F	0x2A1A      	GOTO       L__GPIO_SetPinDirection63
L__GPIO_SetPinDirection64:
0x0220	0x0870      	MOVF       R0, 0
0x0221	0x1683      	BSF        STATUS, 5
0x0222	0x0489      	IORWF      TRISE, 1
L_GPIO_SetPinDirection16:
;GPIO.c,45 :: 		break;
0x0223	0x2A3C      	GOTO       L_GPIO_SetPinDirection1
;GPIO.c,47 :: 		default:
L_GPIO_SetPinDirection17:
;GPIO.c,48 :: 		break;
0x0224	0x2A3C      	GOTO       L_GPIO_SetPinDirection1
;GPIO.c,49 :: 		}
L_GPIO_SetPinDirection0:
0x0225	0x1283      	BCF        STATUS, 5
0x0226	0x1303      	BCF        STATUS, 6
0x0227	0x082C      	MOVF       FARG_GPIO_SetPinDirection_Port, 0
0x0228	0x3A00      	XORLW      0
0x0229	0x1903      	BTFSC      STATUS, 2
0x022A	0x296A      	GOTO       L_GPIO_SetPinDirection2
0x022B	0x082C      	MOVF       FARG_GPIO_SetPinDirection_Port, 0
0x022C	0x3A01      	XORLW      1
0x022D	0x1903      	BTFSC      STATUS, 2
0x022E	0x2990      	GOTO       L_GPIO_SetPinDirection5
0x022F	0x082C      	MOVF       FARG_GPIO_SetPinDirection_Port, 0
0x0230	0x3A02      	XORLW      2
0x0231	0x1903      	BTFSC      STATUS, 2
0x0232	0x29B5      	GOTO       L_GPIO_SetPinDirection8
0x0233	0x082C      	MOVF       FARG_GPIO_SetPinDirection_Port, 0
0x0234	0x3A03      	XORLW      3
0x0235	0x1903      	BTFSC      STATUS, 2
0x0236	0x29DA      	GOTO       L_GPIO_SetPinDirection11
0x0237	0x082C      	MOVF       FARG_GPIO_SetPinDirection_Port, 0
0x0238	0x3A04      	XORLW      4
0x0239	0x1903      	BTFSC      STATUS, 2
0x023A	0x29FF      	GOTO       L_GPIO_SetPinDirection14
0x023B	0x2A24      	GOTO       L_GPIO_SetPinDirection17
L_GPIO_SetPinDirection1:
;GPIO.c,50 :: 		}
L_end_GPIO_SetPinDirection:
0x023C	0x0008      	RETURN
; end of _GPIO_SetPinDirection
_____DoICP:
;__Lib_System.c,6 :: 		
;__Lib_System.c,9 :: 		
0x023D	0x1283      	BCF        STATUS, 5
0x023E	0x1303      	BCF        STATUS, 6
0x023F	0x0828      	MOVF       ___DoICPAddr+1, 0
0x0240	0x008A      	MOVWF      PCLATH
;__Lib_System.c,10 :: 		
0x0241	0x0827      	MOVF       ___DoICPAddr, 0
0x0242	0x0082      	MOVWF      PCL
;__Lib_System.c,12 :: 		
L_end_____DoICP:
0x0243	0x0008      	RETURN
; end of _____DoICP
_EXT_INT0_Enable:
;IN.c,10 :: 		void EXT_INT0_Enable(void) {
;IN.c,11 :: 		INTE_bit = 1; // Enable INT0
0x0244	0x160B      	BSF        INTE_bit, BitPos(INTE_bit+0)
;IN.c,12 :: 		GIE_bit  = 1; // Enable global interrupt
0x0245	0x178B      	BSF        GIE_bit, BitPos(GIE_bit+0)
;IN.c,13 :: 		}
L_end_EXT_INT0_Enable:
0x0246	0x0008      	RETURN
; end of _EXT_INT0_Enable
_LED_Init:
;LED.c,4 :: 		void LED_Init(u8 Port, u8 Pin)
;LED.c,6 :: 		GPIO_SetPinDirection(Port, Pin, GPIO_OUTPUT);
0x0247	0x1283      	BCF        STATUS, 5
0x0248	0x1303      	BCF        STATUS, 6
0x0249	0x0829      	MOVF       FARG_LED_Init_Port, 0
0x024A	0x00AC      	MOVWF      FARG_GPIO_SetPinDirection_Port
0x024B	0x082A      	MOVF       FARG_LED_Init_Pin, 0
0x024C	0x00AD      	MOVWF      FARG_GPIO_SetPinDirection_Pin
0x024D	0x01AE      	CLRF       FARG_GPIO_SetPinDirection_Direction
0x024E	0x2169      	CALL       _GPIO_SetPinDirection
;LED.c,7 :: 		}
L_end_LED_Init:
0x024F	0x0008      	RETURN
; end of _LED_Init
_SWITCH_Init:
;SWITCH.c,3 :: 		void SWITCH_Init(u8 port, u8 pin) {
;SWITCH.c,5 :: 		GPIO_SetPinDirection(port, pin, GPIO_INPUT);
0x0250	0x1283      	BCF        STATUS, 5
0x0251	0x1303      	BCF        STATUS, 6
0x0252	0x0829      	MOVF       FARG_SWITCH_Init_port, 0
0x0253	0x00AC      	MOVWF      FARG_GPIO_SetPinDirection_Port
0x0254	0x082A      	MOVF       FARG_SWITCH_Init_pin, 0
0x0255	0x00AD      	MOVWF      FARG_GPIO_SetPinDirection_Pin
0x0256	0x3001      	MOVLW      1
0x0257	0x00AE      	MOVWF      FARG_GPIO_SetPinDirection_Direction
0x0258	0x2169      	CALL       _GPIO_SetPinDirection
;SWITCH.c,8 :: 		}
L_end_SWITCH_Init:
0x0259	0x0008      	RETURN
; end of _SWITCH_Init
_EXT_INT0_SetCallback:
;IN.c,23 :: 		void EXT_INT0_SetCallback(void (*ptr)(void)) {
;IN.c,24 :: 		EXT_INT0_Callback = ptr;
0x025A	0x1283      	BCF        STATUS, 5
0x025B	0x1303      	BCF        STATUS, 6
0x025C	0x0829      	MOVF       FARG_EXT_INT0_SetCallback_ptr, 0
0x025D	0x00A2      	MOVWF      IN_EXT_INT0_Callback
0x025E	0x082A      	MOVF       FARG_EXT_INT0_SetCallback_ptr+1, 0
0x025F	0x00A3      	MOVWF      IN_EXT_INT0_Callback+1
0x0260	0x082B      	MOVF       FARG_EXT_INT0_SetCallback_ptr+2, 0
0x0261	0x00A4      	MOVWF      IN_EXT_INT0_Callback+2
0x0262	0x082C      	MOVF       FARG_EXT_INT0_SetCallback_ptr+3, 0
;IN.c,25 :: 		}
L_end_EXT_INT0_SetCallback:
0x0263	0x0008      	RETURN
; end of _EXT_INT0_SetCallback
_EXT_INT0_SetEdge:
;IN.c,19 :: 		void EXT_INT0_SetEdge(u8 edge_type) {
;IN.c,20 :: 		INTEDG_bit = edge_type; // 1 = rising, 0 = falling
0x0264	0x1283      	BCF        STATUS, 5
0x0265	0x1303      	BCF        STATUS, 6
0x0266	0x1829      	BTFSC      FARG_EXT_INT0_SetEdge_edge_type, 0
0x0267	0x2A6B      	GOTO       L__EXT_INT0_SetEdge6
0x0268	0x1683      	BSF        STATUS, 5
0x0269	0x1301      	BCF        INTEDG_bit, BitPos(INTEDG_bit+0)
0x026A	0x2A6D      	GOTO       L__EXT_INT0_SetEdge7
L__EXT_INT0_SetEdge6:
0x026B	0x1683      	BSF        STATUS, 5
0x026C	0x1701      	BSF        INTEDG_bit, BitPos(INTEDG_bit+0)
L__EXT_INT0_SetEdge7:
;IN.c,21 :: 		}
L_end_EXT_INT0_SetEdge:
0x026D	0x0008      	RETURN
; end of _EXT_INT0_SetEdge
_ToggleLED:
;MyProject.c,12 :: 		void ToggleLED(void) {
;MyProject.c,13 :: 		LED_Toggle(LED_PORT, LED_PIN);
0x026E	0x3001      	MOVLW      1
0x026F	0x1283      	BCF        STATUS, 5
0x0270	0x1303      	BCF        STATUS, 6
0x0271	0x00AF      	MOVWF      FARG_LED_Toggle_Port
0x0272	0x3001      	MOVLW      1
0x0273	0x00B0      	MOVWF      FARG_LED_Toggle_Pin
0x0274	0x214F      	CALL       _LED_Toggle
;MyProject.c,14 :: 		}
L_end_ToggleLED:
0x0275	0x0008      	RETURN
; end of _ToggleLED
_____DoIFC:
;__Lib_System.c,15 :: 		
;__Lib_System.c,18 :: 		
0x0276	0x1283      	BCF        STATUS, 5
0x0277	0x1303      	BCF        STATUS, 6
0x0278	0x0828      	MOVF       ___DoICPAddr+1, 0
0x0279	0x008A      	MOVWF      PCLATH
;__Lib_System.c,19 :: 		
0x027A	0x0827      	MOVF       ___DoICPAddr, 0
0x027B	0x0082      	MOVWF      PCL
;__Lib_System.c,21 :: 		
L_end_____DoIFC:
0x027C	0x0008      	RETURN
; end of _____DoIFC
_EXT_INT0_Init:
;IN.c,6 :: 		void EXT_INT0_Init(u8 port, u8 pin) {
;IN.c,7 :: 		GPIO_SetPinDirection(port, pin, GPIO_INPUT);
0x027D	0x1283      	BCF        STATUS, 5
0x027E	0x1303      	BCF        STATUS, 6
0x027F	0x0829      	MOVF       FARG_EXT_INT0_Init_port, 0
0x0280	0x00AC      	MOVWF      FARG_GPIO_SetPinDirection_Port
0x0281	0x082A      	MOVF       FARG_EXT_INT0_Init_pin, 0
0x0282	0x00AD      	MOVWF      FARG_GPIO_SetPinDirection_Pin
0x0283	0x3001      	MOVLW      1
0x0284	0x00AE      	MOVWF      FARG_GPIO_SetPinDirection_Direction
0x0285	0x2169      	CALL       _GPIO_SetPinDirection
;IN.c,8 :: 		}
L_end_EXT_INT0_Init:
0x0286	0x0008      	RETURN
; end of _EXT_INT0_Init
___CC2DW:
;__Lib_System.c,134 :: 		
;__Lib_System.c,137 :: 		
_CC2D_Loop1:
;__Lib_System.c,139 :: 		
0x0287	0x223D      	CALL       _____DoICP
0x0288	0x118A      	BCF        PCLATH, 3
0x0289	0x120A      	BCF        PCLATH, 4
;__Lib_System.c,141 :: 		
0x028A	0x0080      	MOVWF      INDF
;__Lib_System.c,142 :: 		
0x028B	0x0A84      	INCF       FSR, 1
;__Lib_System.c,143 :: 		
0x028C	0x0AA7      	INCF       ___DoICPAddr, 1
;__Lib_System.c,145 :: 		
0x028D	0x1903      	BTFSC      STATUS, 2
;__Lib_System.c,146 :: 		
0x028E	0x0AA8      	INCF       ___DoICPAddr+1, 1
;__Lib_System.c,147 :: 		
0x028F	0x03F0      	DECF       R0, 1
;__Lib_System.c,149 :: 		
0x0290	0x1D03      	BTFSS      STATUS, 2
;__Lib_System.c,150 :: 		
0x0291	0x2A87      	GOTO       _CC2D_Loop1
;__Lib_System.c,152 :: 		
L_end___CC2DW:
0x0292	0x0008      	RETURN
; end of ___CC2DW
_main:
0x0293	0x22C0      	CALL       704
;MyProject.c,17 :: 		void main() {
;MyProject.c,19 :: 		LED_Init(LED_PORT, LED_PIN);
0x0294	0x3001      	MOVLW      1
0x0295	0x1283      	BCF        STATUS, 5
0x0296	0x1303      	BCF        STATUS, 6
0x0297	0x00A9      	MOVWF      FARG_LED_Init_Port
0x0298	0x3001      	MOVLW      1
0x0299	0x00AA      	MOVWF      FARG_LED_Init_Pin
0x029A	0x2247      	CALL       _LED_Init
;MyProject.c,20 :: 		SWITCH_Init(SW_PORT, SW_PIN); // Only pin for switch
0x029B	0x3001      	MOVLW      1
0x029C	0x1283      	BCF        STATUS, 5
0x029D	0x1303      	BCF        STATUS, 6
0x029E	0x00A9      	MOVWF      FARG_SWITCH_Init_port
0x029F	0x01AA      	CLRF       FARG_SWITCH_Init_pin
0x02A0	0x2250      	CALL       _SWITCH_Init
;MyProject.c,23 :: 		EXT_INT0_Init(SW_PORT, SW_PIN);      // Configure INT0 pin as input and setup interrupt
0x02A1	0x3001      	MOVLW      1
0x02A2	0x1283      	BCF        STATUS, 5
0x02A3	0x1303      	BCF        STATUS, 6
0x02A4	0x00A9      	MOVWF      FARG_EXT_INT0_Init_port
0x02A5	0x01AA      	CLRF       FARG_EXT_INT0_Init_pin
0x02A6	0x227D      	CALL       _EXT_INT0_Init
;MyProject.c,24 :: 		EXT_INT0_SetEdge(1);                 // 1 for rising edge, 0 for falling edge (adjust as needed)
0x02A7	0x3001      	MOVLW      1
0x02A8	0x1283      	BCF        STATUS, 5
0x02A9	0x1303      	BCF        STATUS, 6
0x02AA	0x00A9      	MOVWF      FARG_EXT_INT0_SetEdge_edge_type
0x02AB	0x2264      	CALL       _EXT_INT0_SetEdge
;MyProject.c,25 :: 		EXT_INT0_SetCallback(ToggleLED);     // Register the callback function
0x02AC	0x306E      	MOVLW      _ToggleLED
0x02AD	0x1283      	BCF        STATUS, 5
0x02AE	0x00A9      	MOVWF      FARG_EXT_INT0_SetCallback_ptr
0x02AF	0x3002      	MOVLW      hi_addr(_ToggleLED)
0x02B0	0x00AA      	MOVWF      FARG_EXT_INT0_SetCallback_ptr+1
0x02B1	0x3000      	MOVLW      0
0x02B2	0x00AB      	MOVWF      FARG_EXT_INT0_SetCallback_ptr+2
0x02B3	0x3000      	MOVLW      0
0x02B4	0x225A      	CALL       _EXT_INT0_SetCallback
;MyProject.c,26 :: 		EXT_INT0_Enable();                   // Enable INT0
0x02B5	0x2244      	CALL       _EXT_INT0_Enable
;MyProject.c,28 :: 		while(1) {
L_main0:
;MyProject.c,30 :: 		}
0x02B6	0x2AB6      	GOTO       L_main0
;MyProject.c,31 :: 		}
L_end_main:
0x02B7	0x2AB7      	GOTO       $+0
; end of _main
0x02C0	0x3022      	MOVLW      34
0x02C1	0x0084      	MOVWF      FSR
0x02C2	0x3003      	MOVLW      3
0x02C3	0x1283      	BCF        STATUS, 5
0x02C4	0x1303      	BCF        STATUS, 6
0x02C5	0x00F0      	MOVWF      R0
0x02C6	0x30BD      	MOVLW      189
0x02C7	0x00A7      	MOVWF      ___DoICPAddr
0x02C8	0x3002      	MOVLW      2
0x02C9	0x00A8      	MOVWF      40
0x02CA	0x2287      	CALL       647
0x02CB	0x0008      	RETURN
;IN.c,0 :: ?ICSIN_EXT_INT0_Callback
0x02BD	0x3400 ;?ICSIN_EXT_INT0_Callback+0
0x02BE	0x3400 ;?ICSIN_EXT_INT0_Callback+1
0x02BF	0x3400 ;?ICSIN_EXT_INT0_Callback+2
; end of ?ICSIN_EXT_INT0_Callback
Symbol List:
//** Routines locations **
//ADDRESS    SIZE    PROCEDURE
//----------------------------------------------
0x0004      [39]    _interrupt
0x002B     [193]    _GPIO_SetPinValue
0x00EC      [99]    _GPIO_GetPinValue
0x014F      [26]    _LED_Toggle
0x0169     [212]    _GPIO_SetPinDirection
0x023D       [7]    _____DoICP
0x0244       [3]    _EXT_INT0_Enable
0x0247       [9]    _LED_Init
0x0250      [10]    _SWITCH_Init
0x025A      [10]    _EXT_INT0_SetCallback
0x0264      [10]    _EXT_INT0_SetEdge
0x026E       [8]    _ToggleLED
0x0276       [7]    _____DoIFC
0x027D      [10]    _EXT_INT0_Init
0x0287      [12]    ___CC2DW
0x0293      [36]    _main
//** Variables locations ** 
//ADDRESS    SIZE    VARIABLE
//----------------------------------------------
0x0000       [1]    INDF
0x0002       [1]    PCL
0x0003       [1]    STATUS
0x0004       [1]    FSR
0x000A       [1]    PCLATH
0x000B       [0]    GIE_bit
0x000B       [0]    INTF_bit
0x000B       [0]    INTE_bit
0x0022       [3]    IN_EXT_INT0_Callback
0x0025       [1]    ___savePCLATH
0x0026       [1]    ___saveSTATUS
0x0027       [2]    ___DoICPAddr
0x0029       [1]    FARG_SWITCH_Init_port
0x0029       [1]    FARG_LED_Init_Port
0x0029       [1]    FARG_EXT_INT0_SetEdge_edge_type
0x0029       [1]    FARG_EXT_INT0_Init_port
0x0029       [3]    FARG_EXT_INT0_SetCallback_ptr
0x002A       [1]    FARG_SWITCH_Init_pin
0x002A       [1]    FARG_LED_Init_Pin
0x002A       [1]    FARG_EXT_INT0_Init_pin
0x002C       [1]    FARG_GPIO_SetPinDirection_Port
0x002D       [1]    FARG_GPIO_SetPinDirection_Pin
0x002E       [1]    FARG_GPIO_SetPinDirection_Direction
0x002F       [1]    FARG_LED_Toggle_Port
0x0030       [1]    FARG_LED_Toggle_Pin
0x0031       [1]    FARG_GPIO_GetPinValue_Port
0x0031       [1]    FARG_GPIO_SetPinValue_Port
0x0032       [1]    FARG_GPIO_GetPinValue_Pin
0x0032       [1]    FARG_GPIO_SetPinValue_Pin
0x0033       [1]    GPIO_GetPinValue_Local_Value_L0
0x0033       [1]    FARG_GPIO_SetPinValue_Value
0x0070       [1]    R0
0x0071       [1]    R1
0x0072       [1]    R2
0x0073       [1]    R3
0x0074       [1]    R4
0x0075       [1]    R5
0x0076       [1]    R6
0x0077       [1]    R7
0x0078       [1]    R8
0x0079       [1]    R9
0x007A       [1]    R10
0x007B       [1]    R11
0x007C       [1]    R12
0x007D       [1]    R13
0x007E       [1]    R14
0x007F       [1]    R15
0x0081       [0]    INTEDG_bit
//** Constants locations ** 
//ADDRESS    SIZE    CONSTANT
//----------------------------------------------
0x02BD       [3]    ?ICSIN_EXT_INT0_Callback
