;  LST file generated by mikroListExporter - v.2.0 
; Date/Time: 3/10/2026 12:01:29 AM
;----------------------------------------------

;Address Opcode 	ASM
0x0000	0x290B      	GOTO       267
_GPIO_SetPinDirection:
;GPIO.c,8 :: 		void GPIO_SetPinDirection(u8 Port, u8 Pin, u8 Direction)
;GPIO.c,10 :: 		switch(Port)
0x0003	0x28BF      	GOTO       L_GPIO_SetPinDirection0
;GPIO.c,12 :: 		case GPIO_PORTA:
L_GPIO_SetPinDirection2:
;GPIO.c,13 :: 		if(Direction == GPIO_OUTPUT)
0x0004	0x1283      	BCF        STATUS, 5
0x0005	0x1303      	BCF        STATUS, 6
0x0006	0x082E      	MOVF       FARG_GPIO_SetPinDirection_Direction, 0
0x0007	0x3A00      	XORLW      0
0x0008	0x1D03      	BTFSS      STATUS, 2
0x0009	0x281A      	GOTO       L_GPIO_SetPinDirection3
;GPIO.c,14 :: 		CLR_BIT(TRISA, Pin);
0x000A	0x082D      	MOVF       FARG_GPIO_SetPinDirection_Pin, 0
0x000B	0x00F1      	MOVWF      R1
0x000C	0x3001      	MOVLW      1
0x000D	0x00F0      	MOVWF      R0
0x000E	0x0871      	MOVF       R1, 0
L__GPIO_SetPinDirection45:
0x000F	0x1903      	BTFSC      STATUS, 2
0x0010	0x2815      	GOTO       L__GPIO_SetPinDirection46
0x0011	0x0DF0      	RLF        R0, 1
0x0012	0x1070      	BCF        R0, 0
0x0013	0x3EFF      	ADDLW      255
0x0014	0x280F      	GOTO       L__GPIO_SetPinDirection45
L__GPIO_SetPinDirection46:
0x0015	0x09F0      	COMF       R0, 1
0x0016	0x0870      	MOVF       R0, 0
0x0017	0x1683      	BSF        STATUS, 5
0x0018	0x0585      	ANDWF      TRISA, 1
0x0019	0x2829      	GOTO       L_GPIO_SetPinDirection4
L_GPIO_SetPinDirection3:
;GPIO.c,16 :: 		SET_BIT(TRISA, Pin);
0x001A	0x1283      	BCF        STATUS, 5
0x001B	0x082D      	MOVF       FARG_GPIO_SetPinDirection_Pin, 0
0x001C	0x00F1      	MOVWF      R1
0x001D	0x3001      	MOVLW      1
0x001E	0x00F0      	MOVWF      R0
0x001F	0x0871      	MOVF       R1, 0
L__GPIO_SetPinDirection47:
0x0020	0x1903      	BTFSC      STATUS, 2
0x0021	0x2826      	GOTO       L__GPIO_SetPinDirection48
0x0022	0x0DF0      	RLF        R0, 1
0x0023	0x1070      	BCF        R0, 0
0x0024	0x3EFF      	ADDLW      255
0x0025	0x2820      	GOTO       L__GPIO_SetPinDirection47
L__GPIO_SetPinDirection48:
0x0026	0x0870      	MOVF       R0, 0
0x0027	0x1683      	BSF        STATUS, 5
0x0028	0x0485      	IORWF      TRISA, 1
L_GPIO_SetPinDirection4:
;GPIO.c,17 :: 		break;
0x0029	0x28D6      	GOTO       L_GPIO_SetPinDirection1
;GPIO.c,19 :: 		case GPIO_PORTB:
L_GPIO_SetPinDirection5:
;GPIO.c,20 :: 		if(Direction == GPIO_OUTPUT)
0x002A	0x1283      	BCF        STATUS, 5
0x002B	0x082E      	MOVF       FARG_GPIO_SetPinDirection_Direction, 0
0x002C	0x3A00      	XORLW      0
0x002D	0x1D03      	BTFSS      STATUS, 2
0x002E	0x283F      	GOTO       L_GPIO_SetPinDirection6
;GPIO.c,21 :: 		CLR_BIT(TRISB, Pin);
0x002F	0x082D      	MOVF       FARG_GPIO_SetPinDirection_Pin, 0
0x0030	0x00F1      	MOVWF      R1
0x0031	0x3001      	MOVLW      1
0x0032	0x00F0      	MOVWF      R0
0x0033	0x0871      	MOVF       R1, 0
L__GPIO_SetPinDirection49:
0x0034	0x1903      	BTFSC      STATUS, 2
0x0035	0x283A      	GOTO       L__GPIO_SetPinDirection50
0x0036	0x0DF0      	RLF        R0, 1
0x0037	0x1070      	BCF        R0, 0
0x0038	0x3EFF      	ADDLW      255
0x0039	0x2834      	GOTO       L__GPIO_SetPinDirection49
L__GPIO_SetPinDirection50:
0x003A	0x09F0      	COMF       R0, 1
0x003B	0x0870      	MOVF       R0, 0
0x003C	0x1683      	BSF        STATUS, 5
0x003D	0x0586      	ANDWF      TRISB, 1
0x003E	0x284E      	GOTO       L_GPIO_SetPinDirection7
L_GPIO_SetPinDirection6:
;GPIO.c,23 :: 		SET_BIT(TRISB, Pin);
0x003F	0x1283      	BCF        STATUS, 5
0x0040	0x082D      	MOVF       FARG_GPIO_SetPinDirection_Pin, 0
0x0041	0x00F1      	MOVWF      R1
0x0042	0x3001      	MOVLW      1
0x0043	0x00F0      	MOVWF      R0
0x0044	0x0871      	MOVF       R1, 0
L__GPIO_SetPinDirection51:
0x0045	0x1903      	BTFSC      STATUS, 2
0x0046	0x284B      	GOTO       L__GPIO_SetPinDirection52
0x0047	0x0DF0      	RLF        R0, 1
0x0048	0x1070      	BCF        R0, 0
0x0049	0x3EFF      	ADDLW      255
0x004A	0x2845      	GOTO       L__GPIO_SetPinDirection51
L__GPIO_SetPinDirection52:
0x004B	0x0870      	MOVF       R0, 0
0x004C	0x1683      	BSF        STATUS, 5
0x004D	0x0486      	IORWF      TRISB, 1
L_GPIO_SetPinDirection7:
;GPIO.c,24 :: 		break;
0x004E	0x28D6      	GOTO       L_GPIO_SetPinDirection1
;GPIO.c,26 :: 		case GPIO_PORTC:
L_GPIO_SetPinDirection8:
;GPIO.c,27 :: 		if(Direction == GPIO_OUTPUT)
0x004F	0x1283      	BCF        STATUS, 5
0x0050	0x082E      	MOVF       FARG_GPIO_SetPinDirection_Direction, 0
0x0051	0x3A00      	XORLW      0
0x0052	0x1D03      	BTFSS      STATUS, 2
0x0053	0x2864      	GOTO       L_GPIO_SetPinDirection9
;GPIO.c,28 :: 		CLR_BIT(TRISC, Pin);
0x0054	0x082D      	MOVF       FARG_GPIO_SetPinDirection_Pin, 0
0x0055	0x00F1      	MOVWF      R1
0x0056	0x3001      	MOVLW      1
0x0057	0x00F0      	MOVWF      R0
0x0058	0x0871      	MOVF       R1, 0
L__GPIO_SetPinDirection53:
0x0059	0x1903      	BTFSC      STATUS, 2
0x005A	0x285F      	GOTO       L__GPIO_SetPinDirection54
0x005B	0x0DF0      	RLF        R0, 1
0x005C	0x1070      	BCF        R0, 0
0x005D	0x3EFF      	ADDLW      255
0x005E	0x2859      	GOTO       L__GPIO_SetPinDirection53
L__GPIO_SetPinDirection54:
0x005F	0x09F0      	COMF       R0, 1
0x0060	0x0870      	MOVF       R0, 0
0x0061	0x1683      	BSF        STATUS, 5
0x0062	0x0587      	ANDWF      TRISC, 1
0x0063	0x2873      	GOTO       L_GPIO_SetPinDirection10
L_GPIO_SetPinDirection9:
;GPIO.c,30 :: 		SET_BIT(TRISC, Pin);
0x0064	0x1283      	BCF        STATUS, 5
0x0065	0x082D      	MOVF       FARG_GPIO_SetPinDirection_Pin, 0
0x0066	0x00F1      	MOVWF      R1
0x0067	0x3001      	MOVLW      1
0x0068	0x00F0      	MOVWF      R0
0x0069	0x0871      	MOVF       R1, 0
L__GPIO_SetPinDirection55:
0x006A	0x1903      	BTFSC      STATUS, 2
0x006B	0x2870      	GOTO       L__GPIO_SetPinDirection56
0x006C	0x0DF0      	RLF        R0, 1
0x006D	0x1070      	BCF        R0, 0
0x006E	0x3EFF      	ADDLW      255
0x006F	0x286A      	GOTO       L__GPIO_SetPinDirection55
L__GPIO_SetPinDirection56:
0x0070	0x0870      	MOVF       R0, 0
0x0071	0x1683      	BSF        STATUS, 5
0x0072	0x0487      	IORWF      TRISC, 1
L_GPIO_SetPinDirection10:
;GPIO.c,31 :: 		break;
0x0073	0x28D6      	GOTO       L_GPIO_SetPinDirection1
;GPIO.c,33 :: 		case GPIO_PORTD:
L_GPIO_SetPinDirection11:
;GPIO.c,34 :: 		if(Direction == GPIO_OUTPUT)
0x0074	0x1283      	BCF        STATUS, 5
0x0075	0x082E      	MOVF       FARG_GPIO_SetPinDirection_Direction, 0
0x0076	0x3A00      	XORLW      0
0x0077	0x1D03      	BTFSS      STATUS, 2
0x0078	0x2889      	GOTO       L_GPIO_SetPinDirection12
;GPIO.c,35 :: 		CLR_BIT(TRISD, Pin);
0x0079	0x082D      	MOVF       FARG_GPIO_SetPinDirection_Pin, 0
0x007A	0x00F1      	MOVWF      R1
0x007B	0x3001      	MOVLW      1
0x007C	0x00F0      	MOVWF      R0
0x007D	0x0871      	MOVF       R1, 0
L__GPIO_SetPinDirection57:
0x007E	0x1903      	BTFSC      STATUS, 2
0x007F	0x2884      	GOTO       L__GPIO_SetPinDirection58
0x0080	0x0DF0      	RLF        R0, 1
0x0081	0x1070      	BCF        R0, 0
0x0082	0x3EFF      	ADDLW      255
0x0083	0x287E      	GOTO       L__GPIO_SetPinDirection57
L__GPIO_SetPinDirection58:
0x0084	0x09F0      	COMF       R0, 1
0x0085	0x0870      	MOVF       R0, 0
0x0086	0x1683      	BSF        STATUS, 5
0x0087	0x0588      	ANDWF      TRISD, 1
0x0088	0x2898      	GOTO       L_GPIO_SetPinDirection13
L_GPIO_SetPinDirection12:
;GPIO.c,37 :: 		SET_BIT(TRISD, Pin);
0x0089	0x1283      	BCF        STATUS, 5
0x008A	0x082D      	MOVF       FARG_GPIO_SetPinDirection_Pin, 0
0x008B	0x00F1      	MOVWF      R1
0x008C	0x3001      	MOVLW      1
0x008D	0x00F0      	MOVWF      R0
0x008E	0x0871      	MOVF       R1, 0
L__GPIO_SetPinDirection59:
0x008F	0x1903      	BTFSC      STATUS, 2
0x0090	0x2895      	GOTO       L__GPIO_SetPinDirection60
0x0091	0x0DF0      	RLF        R0, 1
0x0092	0x1070      	BCF        R0, 0
0x0093	0x3EFF      	ADDLW      255
0x0094	0x288F      	GOTO       L__GPIO_SetPinDirection59
L__GPIO_SetPinDirection60:
0x0095	0x0870      	MOVF       R0, 0
0x0096	0x1683      	BSF        STATUS, 5
0x0097	0x0488      	IORWF      TRISD, 1
L_GPIO_SetPinDirection13:
;GPIO.c,38 :: 		break;
0x0098	0x28D6      	GOTO       L_GPIO_SetPinDirection1
;GPIO.c,40 :: 		case GPIO_PORTE:
L_GPIO_SetPinDirection14:
;GPIO.c,41 :: 		if(Direction == GPIO_OUTPUT)
0x0099	0x1283      	BCF        STATUS, 5
0x009A	0x082E      	MOVF       FARG_GPIO_SetPinDirection_Direction, 0
0x009B	0x3A00      	XORLW      0
0x009C	0x1D03      	BTFSS      STATUS, 2
0x009D	0x28AE      	GOTO       L_GPIO_SetPinDirection15
;GPIO.c,42 :: 		CLR_BIT(TRISE, Pin);
0x009E	0x082D      	MOVF       FARG_GPIO_SetPinDirection_Pin, 0
0x009F	0x00F1      	MOVWF      R1
0x00A0	0x3001      	MOVLW      1
0x00A1	0x00F0      	MOVWF      R0
0x00A2	0x0871      	MOVF       R1, 0
L__GPIO_SetPinDirection61:
0x00A3	0x1903      	BTFSC      STATUS, 2
0x00A4	0x28A9      	GOTO       L__GPIO_SetPinDirection62
0x00A5	0x0DF0      	RLF        R0, 1
0x00A6	0x1070      	BCF        R0, 0
0x00A7	0x3EFF      	ADDLW      255
0x00A8	0x28A3      	GOTO       L__GPIO_SetPinDirection61
L__GPIO_SetPinDirection62:
0x00A9	0x09F0      	COMF       R0, 1
0x00AA	0x0870      	MOVF       R0, 0
0x00AB	0x1683      	BSF        STATUS, 5
0x00AC	0x0589      	ANDWF      TRISE, 1
0x00AD	0x28BD      	GOTO       L_GPIO_SetPinDirection16
L_GPIO_SetPinDirection15:
;GPIO.c,44 :: 		SET_BIT(TRISE, Pin);
0x00AE	0x1283      	BCF        STATUS, 5
0x00AF	0x082D      	MOVF       FARG_GPIO_SetPinDirection_Pin, 0
0x00B0	0x00F1      	MOVWF      R1
0x00B1	0x3001      	MOVLW      1
0x00B2	0x00F0      	MOVWF      R0
0x00B3	0x0871      	MOVF       R1, 0
L__GPIO_SetPinDirection63:
0x00B4	0x1903      	BTFSC      STATUS, 2
0x00B5	0x28BA      	GOTO       L__GPIO_SetPinDirection64
0x00B6	0x0DF0      	RLF        R0, 1
0x00B7	0x1070      	BCF        R0, 0
0x00B8	0x3EFF      	ADDLW      255
0x00B9	0x28B4      	GOTO       L__GPIO_SetPinDirection63
L__GPIO_SetPinDirection64:
0x00BA	0x0870      	MOVF       R0, 0
0x00BB	0x1683      	BSF        STATUS, 5
0x00BC	0x0489      	IORWF      TRISE, 1
L_GPIO_SetPinDirection16:
;GPIO.c,45 :: 		break;
0x00BD	0x28D6      	GOTO       L_GPIO_SetPinDirection1
;GPIO.c,47 :: 		default:
L_GPIO_SetPinDirection17:
;GPIO.c,48 :: 		break;
0x00BE	0x28D6      	GOTO       L_GPIO_SetPinDirection1
;GPIO.c,49 :: 		}
L_GPIO_SetPinDirection0:
0x00BF	0x1283      	BCF        STATUS, 5
0x00C0	0x1303      	BCF        STATUS, 6
0x00C1	0x082C      	MOVF       FARG_GPIO_SetPinDirection_Port, 0
0x00C2	0x3A00      	XORLW      0
0x00C3	0x1903      	BTFSC      STATUS, 2
0x00C4	0x2804      	GOTO       L_GPIO_SetPinDirection2
0x00C5	0x082C      	MOVF       FARG_GPIO_SetPinDirection_Port, 0
0x00C6	0x3A01      	XORLW      1
0x00C7	0x1903      	BTFSC      STATUS, 2
0x00C8	0x282A      	GOTO       L_GPIO_SetPinDirection5
0x00C9	0x082C      	MOVF       FARG_GPIO_SetPinDirection_Port, 0
0x00CA	0x3A02      	XORLW      2
0x00CB	0x1903      	BTFSC      STATUS, 2
0x00CC	0x284F      	GOTO       L_GPIO_SetPinDirection8
0x00CD	0x082C      	MOVF       FARG_GPIO_SetPinDirection_Port, 0
0x00CE	0x3A03      	XORLW      3
0x00CF	0x1903      	BTFSC      STATUS, 2
0x00D0	0x2874      	GOTO       L_GPIO_SetPinDirection11
0x00D1	0x082C      	MOVF       FARG_GPIO_SetPinDirection_Port, 0
0x00D2	0x3A04      	XORLW      4
0x00D3	0x1903      	BTFSC      STATUS, 2
0x00D4	0x2899      	GOTO       L_GPIO_SetPinDirection14
0x00D5	0x28BE      	GOTO       L_GPIO_SetPinDirection17
L_GPIO_SetPinDirection1:
;GPIO.c,50 :: 		}
L_end_GPIO_SetPinDirection:
0x00D6	0x0008      	RETURN
; end of _GPIO_SetPinDirection
_____DoICP:
;__Lib_System.c,6 :: 		
;__Lib_System.c,9 :: 		
0x00D7	0x1283      	BCF        STATUS, 5
0x00D8	0x1303      	BCF        STATUS, 6
0x00D9	0x0828      	MOVF       ___DoICPAddr+1, 0
0x00DA	0x008A      	MOVWF      PCLATH
;__Lib_System.c,10 :: 		
0x00DB	0x0827      	MOVF       ___DoICPAddr, 0
0x00DC	0x0082      	MOVWF      PCL
;__Lib_System.c,12 :: 		
L_end_____DoICP:
0x00DD	0x0008      	RETURN
; end of _____DoICP
_EXT_INT0_Init:
;IN.c,6 :: 		void EXT_INT0_Init(u8 port, u8 pin) {
;IN.c,7 :: 		GPIO_SetPinDirection(port, pin, GPIO_INPUT);
0x00DE	0x1283      	BCF        STATUS, 5
0x00DF	0x1303      	BCF        STATUS, 6
0x00E0	0x0829      	MOVF       FARG_EXT_INT0_Init_port, 0
0x00E1	0x00AC      	MOVWF      FARG_GPIO_SetPinDirection_Port
0x00E2	0x082A      	MOVF       FARG_EXT_INT0_Init_pin, 0
0x00E3	0x00AD      	MOVWF      FARG_GPIO_SetPinDirection_Pin
0x00E4	0x3001      	MOVLW      1
0x00E5	0x00AE      	MOVWF      FARG_GPIO_SetPinDirection_Direction
0x00E6	0x2003      	CALL       _GPIO_SetPinDirection
;IN.c,8 :: 		}
L_end_EXT_INT0_Init:
0x00E7	0x0008      	RETURN
; end of _EXT_INT0_Init
_EXT_INT0_Enable:
;IN.c,10 :: 		void EXT_INT0_Enable(void) {
;IN.c,11 :: 		INTE_bit = 1; // Enable INT0
0x00E8	0x160B      	BSF        INTE_bit, BitPos(INTE_bit+0)
;IN.c,12 :: 		GIE_bit  = 1; // Enable global interrupt
0x00E9	0x178B      	BSF        GIE_bit, BitPos(GIE_bit+0)
;IN.c,13 :: 		}
L_end_EXT_INT0_Enable:
0x00EA	0x0008      	RETURN
; end of _EXT_INT0_Enable
___CC2DW:
;__Lib_System.c,134 :: 		
;__Lib_System.c,137 :: 		
_CC2D_Loop1:
;__Lib_System.c,139 :: 		
0x00EB	0x20D7      	CALL       _____DoICP
0x00EC	0x118A      	BCF        PCLATH, 3
0x00ED	0x120A      	BCF        PCLATH, 4
;__Lib_System.c,141 :: 		
0x00EE	0x0080      	MOVWF      INDF
;__Lib_System.c,142 :: 		
0x00EF	0x0A84      	INCF       FSR, 1
;__Lib_System.c,143 :: 		
0x00F0	0x0AA7      	INCF       ___DoICPAddr, 1
;__Lib_System.c,145 :: 		
0x00F1	0x1903      	BTFSC      STATUS, 2
;__Lib_System.c,146 :: 		
0x00F2	0x0AA8      	INCF       ___DoICPAddr+1, 1
;__Lib_System.c,147 :: 		
0x00F3	0x03F0      	DECF       R0, 1
;__Lib_System.c,149 :: 		
0x00F4	0x1D03      	BTFSS      STATUS, 2
;__Lib_System.c,150 :: 		
0x00F5	0x28EB      	GOTO       _CC2D_Loop1
;__Lib_System.c,152 :: 		
L_end___CC2DW:
0x00F6	0x0008      	RETURN
; end of ___CC2DW
_EXT_INT0_SetEdge:
;IN.c,19 :: 		void EXT_INT0_SetEdge(u8 edge_type) {
;IN.c,20 :: 		INTEDG_bit = edge_type; // 1 = rising, 0 = falling
0x00F7	0x1283      	BCF        STATUS, 5
0x00F8	0x1303      	BCF        STATUS, 6
0x00F9	0x1829      	BTFSC      FARG_EXT_INT0_SetEdge_edge_type, 0
0x00FA	0x28FE      	GOTO       L__EXT_INT0_SetEdge4
0x00FB	0x1683      	BSF        STATUS, 5
0x00FC	0x1301      	BCF        INTEDG_bit, BitPos(INTEDG_bit+0)
0x00FD	0x2900      	GOTO       L__EXT_INT0_SetEdge5
L__EXT_INT0_SetEdge4:
0x00FE	0x1683      	BSF        STATUS, 5
0x00FF	0x1701      	BSF        INTEDG_bit, BitPos(INTEDG_bit+0)
L__EXT_INT0_SetEdge5:
;IN.c,21 :: 		}
L_end_EXT_INT0_SetEdge:
0x0100	0x0008      	RETURN
; end of _EXT_INT0_SetEdge
_EXT_INT0_SetCallback:
;IN.c,23 :: 		void EXT_INT0_SetCallback(void (*ptr)(void)) {
;IN.c,24 :: 		EXT_INT0_Callback = ptr;
0x0101	0x1283      	BCF        STATUS, 5
0x0102	0x1303      	BCF        STATUS, 6
0x0103	0x0829      	MOVF       FARG_EXT_INT0_SetCallback_ptr, 0
0x0104	0x00A0      	MOVWF      IN_EXT_INT0_Callback
0x0105	0x082A      	MOVF       FARG_EXT_INT0_SetCallback_ptr+1, 0
0x0106	0x00A1      	MOVWF      IN_EXT_INT0_Callback+1
0x0107	0x082B      	MOVF       FARG_EXT_INT0_SetCallback_ptr+2, 0
0x0108	0x00A2      	MOVWF      IN_EXT_INT0_Callback+2
0x0109	0x082C      	MOVF       FARG_EXT_INT0_SetCallback_ptr+3, 0
;IN.c,25 :: 		}
L_end_EXT_INT0_SetCallback:
0x010A	0x0008      	RETURN
; end of _EXT_INT0_SetCallback
_main:
0x010B	0x2148      	CALL       328
;MyProject.c,20 :: 		void main() {
;MyProject.c,22 :: 		GPIO_SetPinDirection(PWM_PORT, PWM_PIN, GPIO_OUTPUT);
0x010C	0x3002      	MOVLW      2
0x010D	0x1283      	BCF        STATUS, 5
0x010E	0x1303      	BCF        STATUS, 6
0x010F	0x00AC      	MOVWF      FARG_GPIO_SetPinDirection_Port
0x0110	0x3002      	MOVLW      2
0x0111	0x00AD      	MOVWF      FARG_GPIO_SetPinDirection_Pin
0x0112	0x01AE      	CLRF       FARG_GPIO_SetPinDirection_Direction
0x0113	0x2003      	CALL       _GPIO_SetPinDirection
;MyProject.c,25 :: 		GPIO_SetPinDirection(BTN_PORT, BTN_PIN, GPIO_INPUT);
0x0114	0x3001      	MOVLW      1
0x0115	0x1283      	BCF        STATUS, 5
0x0116	0x1303      	BCF        STATUS, 6
0x0117	0x00AC      	MOVWF      FARG_GPIO_SetPinDirection_Port
0x0118	0x01AD      	CLRF       FARG_GPIO_SetPinDirection_Pin
0x0119	0x3001      	MOVLW      1
0x011A	0x00AE      	MOVWF      FARG_GPIO_SetPinDirection_Direction
0x011B	0x2003      	CALL       _GPIO_SetPinDirection
;MyProject.c,28 :: 		PR2 = 249; // Set PWM period for desired frequency
0x011C	0x30F9      	MOVLW      249
0x011D	0x1683      	BSF        STATUS, 5
0x011E	0x1303      	BCF        STATUS, 6
0x011F	0x0092      	MOVWF      PR2
;MyProject.c,29 :: 		CCP1CON = 0b00001100; // PWM mode
0x0120	0x300C      	MOVLW      12
0x0121	0x1283      	BCF        STATUS, 5
0x0122	0x0097      	MOVWF      CCP1CON
;MyProject.c,30 :: 		CCPR1L = duty_levels[0]; // Start at 25%
0x0123	0x0823      	MOVF       _duty_levels, 0
0x0124	0x0095      	MOVWF      CCPR1L
;MyProject.c,31 :: 		T2CON = 0b00000100; // Timer2 on, prescaler 1:1
0x0125	0x3004      	MOVLW      4
0x0126	0x0092      	MOVWF      T2CON
;MyProject.c,34 :: 		EXT_INT0_Init(BTN_PORT, BTN_PIN);         // Set RB0 as input for INT0
0x0127	0x3001      	MOVLW      1
0x0128	0x00A9      	MOVWF      FARG_EXT_INT0_Init_port
0x0129	0x01AA      	CLRF       FARG_EXT_INT0_Init_pin
0x012A	0x20DE      	CALL       _EXT_INT0_Init
;MyProject.c,35 :: 		EXT_INT0_SetEdge(1);                      // Rising edge
0x012B	0x3001      	MOVLW      1
0x012C	0x1283      	BCF        STATUS, 5
0x012D	0x1303      	BCF        STATUS, 6
0x012E	0x00A9      	MOVWF      FARG_EXT_INT0_SetEdge_edge_type
0x012F	0x20F7      	CALL       _EXT_INT0_SetEdge
;MyProject.c,36 :: 		EXT_INT0_SetCallback(Button_ISR);         // Set ISR callback
0x0130	0x30FF      	MOVLW      _Button_ISR
0x0131	0x1283      	BCF        STATUS, 5
0x0132	0x00A9      	MOVWF      FARG_EXT_INT0_SetCallback_ptr
0x0133	0x30FF      	MOVLW      hi_addr(_Button_ISR)
0x0134	0x00AA      	MOVWF      FARG_EXT_INT0_SetCallback_ptr+1
0x0135	0x3000      	MOVLW      0
0x0136	0x00AB      	MOVWF      FARG_EXT_INT0_SetCallback_ptr+2
0x0137	0x3000      	MOVLW      0
0x0138	0x2101      	CALL       _EXT_INT0_SetCallback
;MyProject.c,37 :: 		EXT_INT0_Enable();                        // Enable INT0 and global interrupt
0x0139	0x20E8      	CALL       _EXT_INT0_Enable
;MyProject.c,39 :: 		while(1) {
L_main0:
;MyProject.c,41 :: 		}
0x013A	0x293A      	GOTO       L_main0
;MyProject.c,42 :: 		}
L_end_main:
0x013B	0x293B      	GOTO       $+0
; end of _main
0x0148	0x3020      	MOVLW      32
0x0149	0x0084      	MOVWF      FSR
0x014A	0x3007      	MOVLW      7
0x014B	0x1283      	BCF        STATUS, 5
0x014C	0x1303      	BCF        STATUS, 6
0x014D	0x00F0      	MOVWF      R0
0x014E	0x3041      	MOVLW      65
0x014F	0x00A7      	MOVWF      ___DoICPAddr
0x0150	0x3001      	MOVLW      1
0x0151	0x00A8      	MOVWF      40
0x0152	0x20EB      	CALL       235
0x0153	0x0008      	RETURN
;IN.c,0 :: ?ICSIN_EXT_INT0_Callback
0x0141	0x3400 ;?ICSIN_EXT_INT0_Callback+0
0x0142	0x3400 ;?ICSIN_EXT_INT0_Callback+1
0x0143	0x3400 ;?ICSIN_EXT_INT0_Callback+2
; end of ?ICSIN_EXT_INT0_Callback
;MyProject.c,0 :: ?ICS_duty_levels
0x0144	0x3440 ;?ICS_duty_levels+0
0x0145	0x3480 ;?ICS_duty_levels+1
0x0146	0x34C0 ;?ICS_duty_levels+2
0x0147	0x34FF ;?ICS_duty_levels+3
; end of ?ICS_duty_levels
Symbol List:
//** Routines locations **
//ADDRESS    SIZE    PROCEDURE
//----------------------------------------------
0x0003     [212]    _GPIO_SetPinDirection
0x00D7       [7]    _____DoICP
0x00DE      [10]    _EXT_INT0_Init
0x00E8       [3]    _EXT_INT0_Enable
0x00EB      [12]    ___CC2DW
0x00F7      [10]    _EXT_INT0_SetEdge
0x0101      [10]    _EXT_INT0_SetCallback
0x010B      [48]    _main
//** Variables locations ** 
//ADDRESS    SIZE    VARIABLE
//----------------------------------------------
0x0000       [1]    INDF
0x0002       [1]    PCL
0x0003       [1]    STATUS
0x0004       [1]    FSR
0x000A       [1]    PCLATH
0x000B       [0]    GIE_bit
0x000B       [0]    INTE_bit
0x0012       [1]    T2CON
0x0015       [1]    CCPR1L
0x0017       [1]    CCP1CON
0x0020       [3]    IN_EXT_INT0_Callback
0x0023       [4]    _duty_levels
0x0027       [2]    ___DoICPAddr
0x0029       [3]    FARG_EXT_INT0_SetCallback_ptr
0x0029       [1]    FARG_EXT_INT0_SetEdge_edge_type
0x0029       [1]    FARG_EXT_INT0_Init_port
0x002A       [1]    FARG_EXT_INT0_Init_pin
0x002C       [1]    FARG_GPIO_SetPinDirection_Port
0x002D       [1]    FARG_GPIO_SetPinDirection_Pin
0x002E       [1]    FARG_GPIO_SetPinDirection_Direction
0x0070       [1]    R0
0x0071       [1]    R1
0x0072       [1]    R2
0x0073       [1]    R3
0x0074       [1]    R4
0x0075       [1]    R5
0x0076       [1]    R6
0x0077       [1]    R7
0x0078       [1]    R8
0x0079       [1]    R9
0x007A       [1]    R10
0x007B       [1]    R11
0x007C       [1]    R12
0x007D       [1]    R13
0x007E       [1]    R14
0x007F       [1]    R15
0x0081       [0]    INTEDG_bit
0x0092       [1]    PR2
//** Constants locations ** 
//ADDRESS    SIZE    CONSTANT
//----------------------------------------------
0x0141       [3]    ?ICSIN_EXT_INT0_Callback
0x0144       [4]    ?ICS_duty_levels
